0 info it worked if it ends with ok
1 verbose cli [ '/usr/bin/nodejs',
1 verbose cli   '/home/mperdikeas/.node_modules_global/bin/npm',
1 verbose cli   'run',
1 verbose cli   'start' ]
2 info using npm@3.8.0
3 info using node@v4.3.2
4 verbose run-script [ 'prestart', 'start', 'poststart' ]
5 info lifecycle euler-014@1.0.0~prestart: euler-014@1.0.0
6 silly lifecycle euler-014@1.0.0~prestart: no script for prestart, continuing
7 info lifecycle euler-014@1.0.0~start: euler-014@1.0.0
8 verbose lifecycle euler-014@1.0.0~start: unsafe-perm in lifecycle true
9 verbose lifecycle euler-014@1.0.0~start: PATH: /home/mperdikeas/.node_modules_global/lib/node_modules/npm/bin/node-gyp-bin:/home/mperdikeas/euler-js/euler-014/node_modules/.bin:/usr/bin:/home/mperdikeas/.gvm/springboot/current/bin:/home/mperdikeas/.gvm/lazybones/current/bin:/home/mperdikeas/.gvm/jbossforge/current/bin:/home/mperdikeas/.gvm/jbake/current/bin:/home/mperdikeas/.gvm/groovyserv/current/bin:/home/mperdikeas/.gvm/groovy/current/bin:/home/mperdikeas/.gvm/griffon/current/bin:/home/mperdikeas/.gvm/grails/current/bin:/home/mperdikeas/.gvm/gradle/current/bin:/home/mperdikeas/.gvm/glide/current/bin:/home/mperdikeas/.gvm/gaiden/current/bin:/home/mperdikeas/.gvm/crash/current/bin:/home/mperdikeas/.gvm/asciidoctorj/current/bin:/home/mperdikeas/.node_modules_global/bin:/home/mperdikeas/DbVisualizer:/home/mperdikeas/software-downloads/yEd-3.14.2:/home/mperdikeas/software-downloads/jad:/home/mperdikeas/esac-rawdar/scripts:/home/mperdikeas/software-downloads/gradle/gradle-2.4/bin:/usr/local/share/scala/bin:/home/mperdikeas/.rvm/gems/ruby-2.0.0-p353/bin:/home/mperdikeas/.rvm/gems/ruby-2.0.0-p353@global/bin:/home/mperdikeas/.rvm/rubies/ruby-2.0.0-p353/bin:/home/mperdikeas/.rvm/bin:/home/mperdikeas/esavo-svn/esavo.registry/trunk/esavo-reg-II/scripts:/usr/lib/lightdm/lightdm:/usr/local/sbin:/usr/local/bin:/usr/sbin:/usr/bin:/sbin:/bin:/usr/games:/home/mperdikeas/local-tools:/usr/lib/jvm/java-7-oracle/bin:/home/mperdikeas/tools:/opt/NeuroCode/bin
10 verbose lifecycle euler-014@1.0.0~start: CWD: /home/mperdikeas/euler-js/euler-014
11 silly lifecycle euler-014@1.0.0~start: Args: [ '-c', 'node foo.js' ]
12 silly lifecycle euler-014@1.0.0~start: Returned: code: 1  signal: null
13 info lifecycle euler-014@1.0.0~start: Failed to exec start script
14 verbose stack Error: euler-014@1.0.0 start: `node foo.js`
14 verbose stack Exit status 1
14 verbose stack     at EventEmitter.<anonymous> (/home/mperdikeas/.node_modules_global/lib/node_modules/npm/lib/utils/lifecycle.js:239:16)
14 verbose stack     at emitTwo (events.js:87:13)
14 verbose stack     at EventEmitter.emit (events.js:172:7)
14 verbose stack     at ChildProcess.<anonymous> (/home/mperdikeas/.node_modules_global/lib/node_modules/npm/lib/utils/spawn.js:24:14)
14 verbose stack     at emitTwo (events.js:87:13)
14 verbose stack     at ChildProcess.emit (events.js:172:7)
14 verbose stack     at maybeClose (internal/child_process.js:821:16)
14 verbose stack     at Process.ChildProcess._handle.onexit (internal/child_process.js:211:5)
15 verbose pkgid euler-014@1.0.0
16 verbose cwd /home/mperdikeas/euler-js/euler-014
17 error Linux 3.2.0-99-generic-pae
18 error argv "/usr/bin/nodejs" "/home/mperdikeas/.node_modules_global/bin/npm" "run" "start"
19 error node v4.3.2
20 error npm  v3.8.0
21 error code ELIFECYCLE
22 error euler-014@1.0.0 start: `node foo.js`
22 error Exit status 1
23 error Failed at the euler-014@1.0.0 start script 'node foo.js'.
23 error Make sure you have the latest version of node.js and npm installed.
23 error If you do, this is most likely a problem with the euler-014 package,
23 error not with npm itself.
23 error Tell the author that this fails on your system:
23 error     node foo.js
23 error You can get information on how to open an issue for this project with:
23 error     npm bugs euler-014
23 error Or if that isn't available, you can get their info via:
23 error     npm owner ls euler-014
23 error There is likely additional logging output above.
24 verbose exit [ 1, true ]
